[2024-09-17 10:17:02,250] [PID 126] [MainThread] [dramatiq.MainProcess] [INFO] Dramatiq '1.3.0' is booting up.
[2024-09-17 10:17:02] - [DEBUG] - [dramatiq.middleware.time_limit.TimeLimit:70]  - Setting up timers...
[2024-09-17 10:17:02] - [DEBUG] - [dramatiq.worker._WorkerMiddleware:195]  - Adding consumer for queue 'default'.
[2024-09-17 10:17:02] - [DEBUG] - [dramatiq.worker.ConsumerThread(default):218]  - Running consumer thread...
[2024-09-17 10:17:02] - [DEBUG] - [dramatiq.worker._WorkerMiddleware:199]  - Adding consumer for delay queue 'default.DQ'.
[2024-09-17 10:17:02] - [DEBUG] - [dramatiq.worker.ConsumerThread(default.DQ):218]  - Running consumer thread...
[2024-09-17 10:17:02] - [DEBUG] - [dramatiq.worker.WorkerThread:365]  - Running worker thread...
[2024-09-17 10:17:02] - [DEBUG] - [dramatiq.worker.WorkerThread:365]  - Running worker thread...
[2024-09-17 10:17:02] - [DEBUG] - [dramatiq.worker.WorkerThread:365]  - Running worker thread...
[2024-09-17 10:17:02] - [DEBUG] - [dramatiq.worker.WorkerThread:365]  - Running worker thread...
[2024-09-17 10:17:02] - [INFO] - [dramatiq.WorkerProcess(1):277]  - Worker process is ready for action.
[2024-09-17 10:17:02] - [DEBUG] - [dramatiq.middleware.time_limit.TimeLimit:70]  - Setting up timers...
[2024-09-17 10:17:02] - [DEBUG] - [dramatiq.worker._WorkerMiddleware:195]  - Adding consumer for queue 'default'.
[2024-09-17 10:17:02] - [DEBUG] - [dramatiq.worker.ConsumerThread(default):218]  - Running consumer thread...
[2024-09-17 10:17:02] - [DEBUG] - [dramatiq.worker._WorkerMiddleware:199]  - Adding consumer for delay queue 'default.DQ'.
[2024-09-17 10:17:02] - [DEBUG] - [dramatiq.worker.ConsumerThread(default.DQ):218]  - Running consumer thread...
[2024-09-17 10:17:02] - [DEBUG] - [dramatiq.worker.WorkerThread:365]  - Running worker thread...
[2024-09-17 10:17:02] - [DEBUG] - [dramatiq.worker.WorkerThread:365]  - Running worker thread...
[2024-09-17 10:17:02] - [DEBUG] - [dramatiq.worker.WorkerThread:365]  - Running worker thread...
[2024-09-17 10:17:02] - [DEBUG] - [dramatiq.worker.WorkerThread:365]  - Running worker thread...
[2024-09-17 10:17:02] - [INFO] - [dramatiq.WorkerProcess(0):277]  - Worker process is ready for action.
[2024-09-17 12:46:26,912] [PID 127] [MainThread] [dramatiq.MainProcess] [INFO] Dramatiq '1.3.0' is booting up.
[2024-09-17 12:46:28] - [DEBUG] - [dramatiq.middleware.time_limit.TimeLimit:70]  - Setting up timers...
[2024-09-17 12:46:28] - [DEBUG] - [dramatiq.worker._WorkerMiddleware:195]  - Adding consumer for queue 'default'.
[2024-09-17 12:46:28] - [DEBUG] - [dramatiq.worker.ConsumerThread(default):218]  - Running consumer thread...
[2024-09-17 12:46:28] - [DEBUG] - [dramatiq.worker._WorkerMiddleware:199]  - Adding consumer for delay queue 'default.DQ'.
[2024-09-17 12:46:28] - [DEBUG] - [dramatiq.worker.ConsumerThread(default.DQ):218]  - Running consumer thread...
[2024-09-17 12:46:28] - [DEBUG] - [dramatiq.worker.WorkerThread:365]  - Running worker thread...
[2024-09-17 12:46:28] - [DEBUG] - [dramatiq.worker.WorkerThread:365]  - Running worker thread...
[2024-09-17 12:46:28] - [DEBUG] - [dramatiq.worker.WorkerThread:365]  - Running worker thread...
[2024-09-17 12:46:28] - [DEBUG] - [dramatiq.worker.WorkerThread:365]  - Running worker thread...
[2024-09-17 12:46:28] - [INFO] - [dramatiq.WorkerProcess(1):277]  - Worker process is ready for action.
[2024-09-17 12:46:28] - [DEBUG] - [dramatiq.middleware.time_limit.TimeLimit:70]  - Setting up timers...
[2024-09-17 12:46:28] - [DEBUG] - [dramatiq.worker._WorkerMiddleware:195]  - Adding consumer for queue 'default'.
[2024-09-17 12:46:28] - [DEBUG] - [dramatiq.worker.ConsumerThread(default):218]  - Running consumer thread...
[2024-09-17 12:46:28] - [DEBUG] - [dramatiq.worker._WorkerMiddleware:199]  - Adding consumer for delay queue 'default.DQ'.
[2024-09-17 12:46:28] - [DEBUG] - [dramatiq.worker.ConsumerThread(default.DQ):218]  - Running consumer thread...
[2024-09-17 12:46:28] - [DEBUG] - [dramatiq.worker.WorkerThread:365]  - Running worker thread...
[2024-09-17 12:46:28] - [DEBUG] - [dramatiq.worker.WorkerThread:365]  - Running worker thread...
[2024-09-17 12:46:29] - [DEBUG] - [dramatiq.worker.WorkerThread:365]  - Running worker thread...
[2024-09-17 12:46:29] - [DEBUG] - [dramatiq.worker.WorkerThread:365]  - Running worker thread...
[2024-09-17 12:46:29] - [INFO] - [dramatiq.WorkerProcess(0):277]  - Worker process is ready for action.
[2024-09-17 14:45:21,193] [PID 129] [MainThread] [dramatiq.MainProcess] [INFO] Dramatiq '1.3.0' is booting up.
[2024-09-17 14:45:23] - [DEBUG] - [dramatiq.middleware.time_limit.TimeLimit:70]  - Setting up timers...
[2024-09-17 14:45:23] - [DEBUG] - [dramatiq.worker._WorkerMiddleware:195]  - Adding consumer for queue 'default'.
[2024-09-17 14:45:23] - [DEBUG] - [dramatiq.worker.ConsumerThread(default):218]  - Running consumer thread...
[2024-09-17 14:45:23] - [DEBUG] - [dramatiq.worker._WorkerMiddleware:199]  - Adding consumer for delay queue 'default.DQ'.
[2024-09-17 14:45:23] - [DEBUG] - [dramatiq.worker.ConsumerThread(default.DQ):218]  - Running consumer thread...
[2024-09-17 14:45:23] - [DEBUG] - [dramatiq.worker.WorkerThread:365]  - Running worker thread...
[2024-09-17 14:45:23] - [DEBUG] - [dramatiq.worker.WorkerThread:365]  - Running worker thread...
[2024-09-17 14:45:23] - [DEBUG] - [dramatiq.worker.WorkerThread:365]  - Running worker thread...
[2024-09-17 14:45:23] - [DEBUG] - [dramatiq.worker.WorkerThread:365]  - Running worker thread...
[2024-09-17 14:45:23] - [INFO] - [dramatiq.WorkerProcess(0):277]  - Worker process is ready for action.
[2024-09-17 14:45:23] - [DEBUG] - [dramatiq.middleware.time_limit.TimeLimit:70]  - Setting up timers...
[2024-09-17 14:45:23] - [DEBUG] - [dramatiq.worker._WorkerMiddleware:195]  - Adding consumer for queue 'default'.
[2024-09-17 14:45:23] - [DEBUG] - [dramatiq.worker.ConsumerThread(default):218]  - Running consumer thread...
[2024-09-17 14:45:23] - [DEBUG] - [dramatiq.worker._WorkerMiddleware:199]  - Adding consumer for delay queue 'default.DQ'.
[2024-09-17 14:45:23] - [DEBUG] - [dramatiq.worker.ConsumerThread(default.DQ):218]  - Running consumer thread...
[2024-09-17 14:45:23] - [DEBUG] - [dramatiq.worker.WorkerThread:365]  - Running worker thread...
[2024-09-17 14:45:23] - [DEBUG] - [dramatiq.worker.WorkerThread:365]  - Running worker thread...
[2024-09-17 14:45:23] - [DEBUG] - [dramatiq.worker.WorkerThread:365]  - Running worker thread...
[2024-09-17 14:45:23] - [DEBUG] - [dramatiq.worker.WorkerThread:365]  - Running worker thread...
[2024-09-17 14:45:23] - [INFO] - [dramatiq.WorkerProcess(1):277]  - Worker process is ready for action.
